<?xml version="1.0" encoding="UTF-8" ?>
<testsuite failures="0" time="0.377" errors="0" skipped="0" tests="4" name="ohtu.lyyrakortti.KassapaateTest">
  <properties>
[...]
</properties>
  <testcase time="0.27" classname="ohtu.lyyrakortti.KassapaateTest" name="kortiltaVelotetaanHintaJosRahaaOn"/>
  <testcase time="0" classname="ohtu.lyyrakortti.KassapaateTest" name="kortiltaEiVelotetaJosRahaEiRiita"/>
  <testcase time="0.001" classname="ohtu.lyyrakortti.KassapaateTest" name="kortilleLadataanJosPositiivinenLataus"/>
  <testcase time="0" classname="ohtu.lyyrakortti.KassapaateTest" name="kortilleEiLadataJosNegatiivinenLataus"/>
</testsuite>